<?xml version="1.0" encoding="UTF-8"?>
<!-- Generated by org.testng.reporters.JUnitReportReporter -->
<testsuite hostname="LAPTOP-BPB34IKB" failures="0" tests="1" name="DataDriven.CreateUserFromJsonFile" time="2.602" errors="0" timestamp="2024-06-22T19:56:08 EDT" skipped="0">
  <testcase classname="DataDriven.CreateUserFromJsonFile" name="createuser" time="2.602"/>
</testsuite> <!-- DataDriven.CreateUserFromJsonFile -->
