<?xml version="1.0" encoding="UTF-8"?>
<!-- Generated by org.testng.reporters.JUnitReportReporter -->
<testsuite hostname="LAPTOP-BPB34IKB" failures="0" tests="1" name="APITestingPojos.PostAPIRequestUsingPojos" time="1.394" errors="0" timestamp="2024-06-25T12:21:21 EDT" skipped="0">
  <testcase classname="APITestingPojos.PostAPIRequestUsingPojos" name="PostAPIRequest" time="1.394"/>
</testsuite> <!-- APITestingPojos.PostAPIRequestUsingPojos -->
