<?xml version="1.0" encoding="UTF-8"?>
<!-- Generated by org.testng.reporters.JUnitReportReporter -->
<testsuite hostname="LAPTOP-BPB34IKB" failures="0" tests="1" name="Testcases.TC3_PostRequest" time="8.799" errors="0" timestamp="2024-06-25T03:40:15 EDT" skipped="0">
  <testcase classname="Testcases.TC3_PostRequest" name="createusers" time="8.799"/>
</testsuite> <!-- Testcases.TC3_PostRequest -->
