<?xml version="1.0" encoding="UTF-8"?>
<!-- Generated by org.testng.reporters.JUnitReportReporter -->
<testsuite hostname="LAPTOP-BPB34IKB" failures="0" tests="1" name="Testcases.TC1_GetAllUsers" time="0.666" errors="0" timestamp="2024-06-25T12:21:21 EDT" skipped="0">
  <testcase classname="Testcases.TC1_GetAllUsers" name="getallusers" time="0.666"/>
</testsuite> <!-- Testcases.TC1_GetAllUsers -->
